<?xml version="1.0" encoding="UTF-8"?>
<testsuite xmlns:xsi="http://www.w3.org/2001/XMLSchema-instance" xsi:noNamespaceSchemaLocation="https://maven.apache.org/surefire/maven-surefire-plugin/xsd/surefire-test-report-3.0.xsd" version="3.0" name="com.mastermind.cmd.MastermindGameTest" time="1.501" tests="9" errors="0" skipped="0" failures="0">
  <properties>
    <property name="java.specification.version" value="21"/>
    <property name="sun.jnu.encoding" value="UTF-8"/>
    <property name="java.class.path" value="/Users/jenniferjennings/Documents/Reach Apprenticeship/Project/Final Mastermind Game/Jennys_Mastermind/mastermind-game-cmd/target/test-classes:/Users/jenniferjennings/Documents/Reach Apprenticeship/Project/Final Mastermind Game/Jennys_Mastermind/mastermind-game-cmd/target/classes:/Users/jenniferjennings/.m2/repository/org/junit/jupiter/junit-jupiter-api/5.8.1/junit-jupiter-api-5.8.1.jar:/Users/jenniferjennings/.m2/repository/org/opentest4j/opentest4j/1.2.0/opentest4j-1.2.0.jar:/Users/jenniferjennings/.m2/repository/org/junit/platform/junit-platform-commons/1.8.1/junit-platform-commons-1.8.1.jar:/Users/jenniferjennings/.m2/repository/org/apiguardian/apiguardian-api/1.1.2/apiguardian-api-1.1.2.jar:/Users/jenniferjennings/.m2/repository/org/junit/jupiter/junit-jupiter-engine/5.8.1/junit-jupiter-engine-5.8.1.jar:/Users/jenniferjennings/.m2/repository/org/junit/platform/junit-platform-engine/1.8.1/junit-platform-engine-1.8.1.jar:"/>
    <property name="java.vm.vendor" value="Oracle Corporation"/>
    <property name="sun.arch.data.model" value="64"/>
    <property name="java.vendor.url" value="https://java.oracle.com/"/>
    <property name="os.name" value="Mac OS X"/>
    <property name="java.vm.specification.version" value="21"/>
    <property name="sun.java.launcher" value="SUN_STANDARD"/>
    <property name="user.country" value="US"/>
    <property name="sun.boot.library.path" value="/Library/Java/JavaVirtualMachines/jdk-21.jdk/Contents/Home/lib"/>
    <property name="sun.java.command" value="/Users/jenniferjennings/Documents/Reach Apprenticeship/Project/Final Mastermind Game/Jennys_Mastermind/mastermind-game-cmd/target/surefire/surefirebooter-20240103205011093_3.jar /Users/jenniferjennings/Documents/Reach Apprenticeship/Project/Final Mastermind Game/Jennys_Mastermind/mastermind-game-cmd/target/surefire 2024-01-03T20-50-11_047-jvmRun1 surefire-20240103205011093_1tmp surefire_0-20240103205011093_2tmp"/>
    <property name="http.nonProxyHosts" value="local|*.local|169.254/16|*.169.254/16"/>
    <property name="jdk.debug" value="release"/>
    <property name="surefire.test.class.path" value="/Users/jenniferjennings/Documents/Reach Apprenticeship/Project/Final Mastermind Game/Jennys_Mastermind/mastermind-game-cmd/target/test-classes:/Users/jenniferjennings/Documents/Reach Apprenticeship/Project/Final Mastermind Game/Jennys_Mastermind/mastermind-game-cmd/target/classes:/Users/jenniferjennings/.m2/repository/org/junit/jupiter/junit-jupiter-api/5.8.1/junit-jupiter-api-5.8.1.jar:/Users/jenniferjennings/.m2/repository/org/opentest4j/opentest4j/1.2.0/opentest4j-1.2.0.jar:/Users/jenniferjennings/.m2/repository/org/junit/platform/junit-platform-commons/1.8.1/junit-platform-commons-1.8.1.jar:/Users/jenniferjennings/.m2/repository/org/apiguardian/apiguardian-api/1.1.2/apiguardian-api-1.1.2.jar:/Users/jenniferjennings/.m2/repository/org/junit/jupiter/junit-jupiter-engine/5.8.1/junit-jupiter-engine-5.8.1.jar:/Users/jenniferjennings/.m2/repository/org/junit/platform/junit-platform-engine/1.8.1/junit-platform-engine-1.8.1.jar:"/>
    <property name="sun.cpu.endian" value="little"/>
    <property name="user.home" value="/Users/jenniferjennings"/>
    <property name="user.language" value="en"/>
    <property name="java.specification.vendor" value="Oracle Corporation"/>
    <property name="java.version.date" value="2023-10-17"/>
    <property name="java.home" value="/Library/Java/JavaVirtualMachines/jdk-21.jdk/Contents/Home"/>
    <property name="file.separator" value="/"/>
    <property name="basedir" value="/Users/jenniferjennings/Documents/Reach Apprenticeship/Project/Final Mastermind Game/Jennys_Mastermind/mastermind-game-cmd"/>
    <property name="java.vm.compressedOopsMode" value="Zero based"/>
    <property name="line.separator" value="&#10;"/>
    <property name="java.vm.specification.vendor" value="Oracle Corporation"/>
    <property name="java.specification.name" value="Java Platform API Specification"/>
    <property name="apple.awt.application.name" value="ForkedBooter"/>
    <property name="surefire.real.class.path" value="/Users/jenniferjennings/Documents/Reach Apprenticeship/Project/Final Mastermind Game/Jennys_Mastermind/mastermind-game-cmd/target/surefire/surefirebooter-20240103205011093_3.jar"/>
    <property name="sun.management.compiler" value="HotSpot 64-Bit Tiered Compilers"/>
    <property name="ftp.nonProxyHosts" value="local|*.local|169.254/16|*.169.254/16"/>
    <property name="java.runtime.version" value="21.0.1+12-LTS-29"/>
    <property name="user.name" value="jenniferjennings"/>
    <property name="stdout.encoding" value="UTF-8"/>
    <property name="path.separator" value=":"/>
    <property name="os.version" value="14.3"/>
    <property name="java.runtime.name" value="Java(TM) SE Runtime Environment"/>
    <property name="file.encoding" value="UTF-8"/>
    <property name="java.vm.name" value="Java HotSpot(TM) 64-Bit Server VM"/>
    <property name="localRepository" value="/Users/jenniferjennings/.m2/repository"/>
    <property name="java.vendor.url.bug" value="https://bugreport.java.com/bugreport/"/>
    <property name="java.io.tmpdir" value="/var/folders/k6/dfs079cj79bbqmr52w_vdrbr0000gn/T/"/>
    <property name="java.version" value="21.0.1"/>
    <property name="user.dir" value="/Users/jenniferjennings/Documents/Reach Apprenticeship/Project/Final Mastermind Game/Jennys_Mastermind/mastermind-game-cmd"/>
    <property name="os.arch" value="aarch64"/>
    <property name="java.vm.specification.name" value="Java Virtual Machine Specification"/>
    <property name="native.encoding" value="UTF-8"/>
    <property name="java.library.path" value="/Users/jenniferjennings/Library/Java/Extensions:/Library/Java/Extensions:/Network/Library/Java/Extensions:/System/Library/Java/Extensions:/usr/lib/java:."/>
    <property name="java.vm.info" value="mixed mode, sharing"/>
    <property name="stderr.encoding" value="UTF-8"/>
    <property name="java.vendor" value="Oracle Corporation"/>
    <property name="java.vm.version" value="21.0.1+12-LTS-29"/>
    <property name="sun.io.unicode.encoding" value="UnicodeBig"/>
    <property name="socksNonProxyHosts" value="local|*.local|169.254/16|*.169.254/16"/>
    <property name="java.class.version" value="65.0"/>
  </properties>
  <testcase name="testContainsNumber" classname="com.mastermind.cmd.MastermindGameTest" time="0.011"/>
  <testcase name="testIntArrayToString" classname="com.mastermind.cmd.MastermindGameTest" time="0.002"/>
  <testcase name="testGenerateSecretCodeWithMaxLength" classname="com.mastermind.cmd.MastermindGameTest" time="0.86"/>
  <testcase name="testReadUserGuess" classname="com.mastermind.cmd.MastermindGameTest" time="0.001"/>
  <testcase name="testReadUserGuessWithIncorrectLength" classname="com.mastermind.cmd.MastermindGameTest" time="0.004">
    <system-out><![CDATA[Invalid input length. Please enter a 3-digit guess.
]]></system-out>
  </testcase>
  <testcase name="testGenerateSecretCode" classname="com.mastermind.cmd.MastermindGameTest" time="0.298"/>
  <testcase name="testGenerateSecretCodeWithMinLength" classname="com.mastermind.cmd.MastermindGameTest" time="0.306"/>
  <testcase name="testReadUserGuessWithInvalidInput" classname="com.mastermind.cmd.MastermindGameTest" time="0.003">
    <system-out><![CDATA[Invalid input. Please enter a positive number.
]]></system-out>
  </testcase>
  <testcase name="testConvertStringToIntArray" classname="com.mastermind.cmd.MastermindGameTest" time="0.001"/>
</testsuite>